This file contains any messages produced by compilers while
running configure, to aid debugging if configure makes a mistake.

It was created by libshout configure 2.4.1, which was
generated by GNU Autoconf 2.69.  Invocation command line was

  $ ./configure 

## --------- ##
## Platform. ##
## --------- ##

hostname = g4capstone
uname -m = x86_64
uname -r = 2.6.32-042stab112.15
uname -s = Linux
uname -v = #1 SMP Tue Oct 20 17:22:56 MSK 2015

/usr/bin/uname -p = unknown
/bin/uname -X     = unknown

/bin/arch              = unknown
/usr/bin/arch -k       = unknown
/usr/convex/getsysinfo = unknown
/usr/bin/hostinfo      = unknown
/bin/machine           = unknown
/usr/bin/oslevel       = unknown
/bin/universe          = unknown

PATH: /usr/local/sbin
PATH: /usr/local/bin
PATH: /usr/sbin
PATH: /usr/bin
PATH: /sbin
PATH: /bin
PATH: /usr/games
PATH: /usr/local/games


## ----------- ##
## Core tests. ##
## ----------- ##

configure:2684: checking for a BSD-compatible install
configure:2752: result: /usr/bin/install -c
configure:2763: checking whether build environment is sane
configure:2818: result: yes
configure:2969: checking for a thread-safe mkdir -p
configure:3008: result: /bin/mkdir -p
configure:3015: checking for gawk
configure:3031: found /usr/bin/gawk
configure:3042: result: gawk
configure:3053: checking whether make sets $(MAKE)
configure:3075: result: yes
configure:3104: checking whether make supports nested variables
configure:3121: result: yes
configure:3249: checking whether to enable maintainer-specific portions of Makefiles
configure:3258: result: no
configure:3322: checking for gcc
configure:3338: found /usr/bin/gcc
configure:3349: result: gcc
configure:3578: checking for C compiler version
configure:3587: gcc --version >&5
gcc (Ubuntu 4.8.4-2ubuntu1~14.04.1) 4.8.4
Copyright (C) 2013 Free Software Foundation, Inc.
This is free software; see the source for copying conditions.  There is NO
warranty; not even for MERCHANTABILITY or FITNESS FOR A PARTICULAR PURPOSE.

configure:3598: $? = 0
configure:3587: gcc -v >&5
Using built-in specs.
COLLECT_GCC=gcc
COLLECT_LTO_WRAPPER=/usr/lib/gcc/x86_64-linux-gnu/4.8/lto-wrapper
Target: x86_64-linux-gnu
Configured with: ../src/configure -v --with-pkgversion='Ubuntu 4.8.4-2ubuntu1~14.04.1' --with-bugurl=file:///usr/share/doc/gcc-4.8/README.Bugs --enable-languages=c,c++,java,go,d,fortran,objc,obj-c++ --prefix=/usr --program-suffix=-4.8 --enable-shared --enable-linker-build-id --libexecdir=/usr/lib --without-included-gettext --enable-threads=posix --with-gxx-include-dir=/usr/include/c++/4.8 --libdir=/usr/lib --enable-nls --with-sysroot=/ --enable-clocale=gnu --enable-libstdcxx-debug --enable-libstdcxx-time=yes --enable-gnu-unique-object --disable-libmudflap --enable-plugin --with-system-zlib --disable-browser-plugin --enable-java-awt=gtk --enable-gtk-cairo --with-java-home=/usr/lib/jvm/java-1.5.0-gcj-4.8-amd64/jre --enable-java-home --with-jvm-root-dir=/usr/lib/jvm/java-1.5.0-gcj-4.8-amd64 --with-jvm-jar-dir=/usr/lib/jvm-exports/java-1.5.0-gcj-4.8-amd64 --with-arch-directory=amd64 --with-ecj-jar=/usr/share/java/eclipse-ecj.jar --enable-objc-gc --enable-multiarch --disable-werror --with-arch-32=i686 --with-abi=m64 --with-multilib-list=m32,m64,mx32 --with-tune=generic --enable-checking=release --build=x86_64-linux-gnu --host=x86_64-linux-gnu --target=x86_64-linux-gnu
Thread model: posix
gcc version 4.8.4 (Ubuntu 4.8.4-2ubuntu1~14.04.1) 
configure:3598: $? = 0
configure:3587: gcc -V >&5
gcc: error: unrecognized command line option '-V'
gcc: fatal error: no input files
compilation terminated.
configure:3598: $? = 4
configure:3587: gcc -qversion >&5
gcc: error: unrecognized command line option '-qversion'
gcc: fatal error: no input files
compilation terminated.
configure:3598: $? = 4
configure:3618: checking whether the C compiler works
configure:3640: gcc    conftest.c  >&5
configure:3644: $? = 0
configure:3692: result: yes
configure:3695: checking for C compiler default output file name
configure:3697: result: a.out
configure:3703: checking for suffix of executables
configure:3710: gcc -o conftest    conftest.c  >&5
configure:3714: $? = 0
configure:3736: result: 
configure:3758: checking whether we are cross compiling
configure:3766: gcc -o conftest    conftest.c  >&5
configure:3770: $? = 0
configure:3777: ./conftest
configure:3781: $? = 0
configure:3796: result: no
configure:3801: checking for suffix of object files
configure:3823: gcc -c   conftest.c >&5
configure:3827: $? = 0
configure:3848: result: o
configure:3852: checking whether we are using the GNU C compiler
configure:3871: gcc -c   conftest.c >&5
configure:3871: $? = 0
configure:3880: result: yes
configure:3889: checking whether gcc accepts -g
configure:3909: gcc -c -g  conftest.c >&5
configure:3909: $? = 0
configure:3950: result: yes
configure:3967: checking for gcc option to accept ISO C89
configure:4030: gcc  -c -g -O2  conftest.c >&5
configure:4030: $? = 0
configure:4043: result: none needed
configure:4068: checking whether gcc understands -c and -o together
configure:4090: gcc -c conftest.c -o conftest2.o
configure:4093: $? = 0
configure:4090: gcc -c conftest.c -o conftest2.o
configure:4093: $? = 0
configure:4105: result: yes
configure:4133: checking for style of include used by make
configure:4161: result: GNU
configure:4187: checking dependency style of gcc
configure:4298: result: gcc3
configure:4342: checking build system type
configure:4356: result: x86_64-unknown-linux-gnu
configure:4376: checking host system type
configure:4389: result: x86_64-unknown-linux-gnu
configure:4430: checking how to print strings
configure:4457: result: printf
configure:4478: checking for a sed that does not truncate output
configure:4542: result: /bin/sed
configure:4560: checking for grep that handles long lines and -e
configure:4618: result: /bin/grep
configure:4623: checking for egrep
configure:4685: result: /bin/grep -E
configure:4690: checking for fgrep
configure:4752: result: /bin/grep -F
configure:4787: checking for ld used by gcc
configure:4854: result: /usr/bin/ld
configure:4861: checking if the linker (/usr/bin/ld) is GNU ld
configure:4876: result: yes
configure:4888: checking for BSD- or MS-compatible name lister (nm)
configure:4937: result: /usr/bin/nm -B
configure:5067: checking the name lister (/usr/bin/nm -B) interface
configure:5074: gcc -c -g -O2  conftest.c >&5
configure:5077: /usr/bin/nm -B "conftest.o"
configure:5080: output
0000000000000000 B some_variable
configure:5087: result: BSD nm
configure:5090: checking whether ln -s works
configure:5094: result: yes
configure:5102: checking the maximum length of command line arguments
configure:5233: result: 1966080
configure:5250: checking whether the shell understands some XSI constructs
configure:5260: result: yes
configure:5264: checking whether the shell understands "+="
configure:5270: result: yes
configure:5305: checking how to convert x86_64-unknown-linux-gnu file names to x86_64-unknown-linux-gnu format
configure:5345: result: func_convert_file_noop
configure:5352: checking how to convert x86_64-unknown-linux-gnu file names to toolchain format
configure:5372: result: func_convert_file_noop
configure:5379: checking for /usr/bin/ld option to reload object files
configure:5386: result: -r
configure:5460: checking for objdump
configure:5476: found /usr/bin/objdump
configure:5487: result: objdump
configure:5519: checking how to recognize dependent libraries
configure:5717: result: pass_all
configure:5802: checking for dlltool
configure:5832: result: no
configure:5862: checking how to associate runtime and link libraries
configure:5889: result: printf %s\n
configure:5950: checking for ar
configure:5966: found /usr/bin/ar
configure:5977: result: ar
configure:6014: checking for archiver @FILE support
configure:6031: gcc -c -g -O2  conftest.c >&5
configure:6031: $? = 0
configure:6034: ar cru libconftest.a @conftest.lst >&5
configure:6037: $? = 0
configure:6042: ar cru libconftest.a @conftest.lst >&5
ar: conftest.o: No such file or directory
configure:6045: $? = 1
configure:6057: result: @
configure:6115: checking for strip
configure:6131: found /usr/bin/strip
configure:6142: result: strip
configure:6214: checking for ranlib
configure:6230: found /usr/bin/ranlib
configure:6241: result: ranlib
configure:6343: checking command to parse /usr/bin/nm -B output from gcc object
configure:6463: gcc -c -g -O2  conftest.c >&5
configure:6466: $? = 0
configure:6470: /usr/bin/nm -B conftest.o \| sed -n -e 's/^.*[ ]\([ABCDGIRSTW][ABCDGIRSTW]*\)[ ][ ]*\([_A-Za-z][_A-Za-z0-9]*\)$/\1 \2 \2/p' | sed '/ __gnu_lto/d' \> conftest.nm
configure:6473: $? = 0
configure:6539: gcc -o conftest -g -O2   conftest.c conftstm.o >&5
configure:6542: $? = 0
configure:6580: result: ok
configure:6617: checking for sysroot
configure:6647: result: no
configure:6724: gcc -c -g -O2  conftest.c >&5
configure:6727: $? = 0
configure:6916: checking for mt
configure:6932: found /bin/mt
configure:6943: result: mt
configure:6966: checking if mt is a manifest tool
configure:6972: mt '-?'
configure:6980: result: no
configure:7622: checking how to run the C preprocessor
configure:7653: gcc -E  conftest.c
configure:7653: $? = 0
configure:7667: gcc -E  conftest.c
conftest.c:14:28: fatal error: ac_nonexistent.h: No such file or directory
 #include <ac_nonexistent.h>
                            ^
compilation terminated.
configure:7667: $? = 1
configure: failed program was:
| /* confdefs.h */
| #define PACKAGE_NAME "libshout"
| #define PACKAGE_TARNAME "libshout"
| #define PACKAGE_VERSION "2.4.1"
| #define PACKAGE_STRING "libshout 2.4.1"
| #define PACKAGE_BUGREPORT "icecast-dev@xiph.org"
| #define PACKAGE_URL ""
| #define LIBSHOUT_MAJOR 2
| #define LIBSHOUT_MINOR 4
| #define LIBSHOUT_MICRO 1
| #define PACKAGE "libshout"
| #define VERSION "2.4.1"
| /* end confdefs.h.  */
| #include <ac_nonexistent.h>
configure:7692: result: gcc -E
configure:7712: gcc -E  conftest.c
configure:7712: $? = 0
configure:7726: gcc -E  conftest.c
conftest.c:14:28: fatal error: ac_nonexistent.h: No such file or directory
 #include <ac_nonexistent.h>
                            ^
compilation terminated.
configure:7726: $? = 1
configure: failed program was:
| /* confdefs.h */
| #define PACKAGE_NAME "libshout"
| #define PACKAGE_TARNAME "libshout"
| #define PACKAGE_VERSION "2.4.1"
| #define PACKAGE_STRING "libshout 2.4.1"
| #define PACKAGE_BUGREPORT "icecast-dev@xiph.org"
| #define PACKAGE_URL ""
| #define LIBSHOUT_MAJOR 2
| #define LIBSHOUT_MINOR 4
| #define LIBSHOUT_MICRO 1
| #define PACKAGE "libshout"
| #define VERSION "2.4.1"
| /* end confdefs.h.  */
| #include <ac_nonexistent.h>
configure:7755: checking for ANSI C header files
configure:7775: gcc -c -g -O2  conftest.c >&5
configure:7775: $? = 0
configure:7848: gcc -o conftest -g -O2   conftest.c  >&5
configure:7848: $? = 0
configure:7848: ./conftest
configure:7848: $? = 0
configure:7859: result: yes
configure:7872: checking for sys/types.h
configure:7872: gcc -c -g -O2  conftest.c >&5
configure:7872: $? = 0
configure:7872: result: yes
configure:7872: checking for sys/stat.h
configure:7872: gcc -c -g -O2  conftest.c >&5
configure:7872: $? = 0
configure:7872: result: yes
configure:7872: checking for stdlib.h
configure:7872: gcc -c -g -O2  conftest.c >&5
configure:7872: $? = 0
configure:7872: result: yes
configure:7872: checking for string.h
configure:7872: gcc -c -g -O2  conftest.c >&5
configure:7872: $? = 0
configure:7872: result: yes
configure:7872: checking for memory.h
configure:7872: gcc -c -g -O2  conftest.c >&5
configure:7872: $? = 0
configure:7872: result: yes
configure:7872: checking for strings.h
configure:7872: gcc -c -g -O2  conftest.c >&5
configure:7872: $? = 0
configure:7872: result: yes
configure:7872: checking for inttypes.h
configure:7872: gcc -c -g -O2  conftest.c >&5
configure:7872: $? = 0
configure:7872: result: yes
configure:7872: checking for stdint.h
configure:7872: gcc -c -g -O2  conftest.c >&5
configure:7872: $? = 0
configure:7872: result: yes
configure:7872: checking for unistd.h
configure:7872: gcc -c -g -O2  conftest.c >&5
configure:7872: $? = 0
configure:7872: result: yes
configure:7886: checking for dlfcn.h
configure:7886: gcc -c -g -O2  conftest.c >&5
configure:7886: $? = 0
configure:7886: result: yes
configure:8092: checking for objdir
configure:8107: result: .libs
configure:8378: checking if gcc supports -fno-rtti -fno-exceptions
configure:8396: gcc -c -g -O2  -fno-rtti -fno-exceptions conftest.c >&5
cc1: warning: command line option '-fno-rtti' is valid for C++/ObjC++ but not for C [enabled by default]
configure:8400: $? = 0
configure:8413: result: no
configure:8740: checking for gcc option to produce PIC
configure:8747: result: -fPIC -DPIC
configure:8755: checking if gcc PIC flag -fPIC -DPIC works
configure:8773: gcc -c -g -O2  -fPIC -DPIC -DPIC conftest.c >&5
configure:8777: $? = 0
configure:8790: result: yes
configure:8819: checking if gcc static flag -static works
configure:8847: result: yes
configure:8862: checking if gcc supports -c -o file.o
configure:8883: gcc -c -g -O2  -o out/conftest2.o conftest.c >&5
configure:8887: $? = 0
configure:8909: result: yes
configure:8917: checking if gcc supports -c -o file.o
configure:8964: result: yes
configure:8997: checking whether the gcc linker (/usr/bin/ld -m elf_x86_64) supports shared libraries
configure:10154: result: yes
configure:10191: checking whether -lc should be explicitly linked in
configure:10199: gcc -c -g -O2  conftest.c >&5
configure:10202: $? = 0
configure:10217: gcc -shared  -fPIC -DPIC conftest.o  -v -Wl,-soname -Wl,conftest -o conftest 2\>\&1 \| /bin/grep  -lc  \>/dev/null 2\>\&1
configure:10220: $? = 0
configure:10234: result: no
configure:10394: checking dynamic linker characteristics
configure:10894: gcc -o conftest -g -O2   -Wl,-rpath -Wl,/foo conftest.c  >&5
configure:10894: $? = 0
configure:11128: result: GNU/Linux ld.so
configure:11235: checking how to hardcode library paths into programs
configure:11260: result: immediate
configure:11800: checking whether stripping libraries is possible
configure:11805: result: yes
configure:11840: checking if libtool supports shared libraries
configure:11842: result: yes
configure:11845: checking whether to build shared libraries
configure:11866: result: yes
configure:11869: checking whether to build static libraries
configure:11873: result: yes
configure:11948: checking for ANSI C header files
configure:12052: result: yes
configure:12060: checking whether time.h and sys/time.h may both be included
configure:12080: gcc -c -g -O2  conftest.c >&5
configure:12080: $? = 0
configure:12087: result: yes
configure:12098: checking for strings.h
configure:12098: result: yes
configure:12098: checking sys/timeb.h usability
configure:12098: gcc -c -g -O2  conftest.c >&5
configure:12098: $? = 0
configure:12098: result: yes
configure:12098: checking sys/timeb.h presence
configure:12098: gcc -E  conftest.c
configure:12098: $? = 0
configure:12098: result: yes
configure:12098: checking for sys/timeb.h
configure:12098: result: yes
configure:12109: checking for an ANSI C-conforming const
configure:12175: gcc -c -g -O2  conftest.c >&5
configure:12175: $? = 0
configure:12182: result: yes
configure:12190: checking for inline
configure:12206: gcc -c -g -O2  conftest.c >&5
configure:12206: $? = 0
configure:12214: result: inline
configure:12234: checking for inttypes.h
configure:12234: result: yes
configure:12244: checking for uint32_t
configure:12244: gcc -c -g -O2  conftest.c >&5
configure:12244: $? = 0
configure:12244: gcc -c -g -O2  conftest.c >&5
conftest.c: In function 'main':
conftest.c:69:23: error: expected expression before ')' token
 if (sizeof ((uint32_t)))
                       ^
configure:12244: $? = 1
configure: failed program was:
| /* confdefs.h */
| #define PACKAGE_NAME "libshout"
| #define PACKAGE_TARNAME "libshout"
| #define PACKAGE_VERSION "2.4.1"
| #define PACKAGE_STRING "libshout 2.4.1"
| #define PACKAGE_BUGREPORT "icecast-dev@xiph.org"
| #define PACKAGE_URL ""
| #define LIBSHOUT_MAJOR 2
| #define LIBSHOUT_MINOR 4
| #define LIBSHOUT_MICRO 1
| #define PACKAGE "libshout"
| #define VERSION "2.4.1"
| #define STDC_HEADERS 1
| #define HAVE_SYS_TYPES_H 1
| #define HAVE_SYS_STAT_H 1
| #define HAVE_STDLIB_H 1
| #define HAVE_STRING_H 1
| #define HAVE_MEMORY_H 1
| #define HAVE_STRINGS_H 1
| #define HAVE_INTTYPES_H 1
| #define HAVE_STDINT_H 1
| #define HAVE_UNISTD_H 1
| #define HAVE_DLFCN_H 1
| #define LT_OBJDIR ".libs/"
| #define _XOPEN_SOURCE 600
| #define _GNU_SOURCE /**/
| #define STDC_HEADERS 1
| #define TIME_WITH_SYS_TIME 1
| #define HAVE_STRINGS_H 1
| #define HAVE_SYS_TIMEB_H 1
| #define HAVE_INTTYPES_H 1
| /* end confdefs.h.  */
| #include <stdio.h>
| #ifdef HAVE_SYS_TYPES_H
| # include <sys/types.h>
| #endif
| #ifdef HAVE_SYS_STAT_H
| # include <sys/stat.h>
| #endif
| #ifdef STDC_HEADERS
| # include <stdlib.h>
| # include <stddef.h>
| #else
| # ifdef HAVE_STDLIB_H
| #  include <stdlib.h>
| # endif
| #endif
| #ifdef HAVE_STRING_H
| # if !defined STDC_HEADERS && defined HAVE_MEMORY_H
| #  include <memory.h>
| # endif
| # include <string.h>
| #endif
| #ifdef HAVE_STRINGS_H
| # include <strings.h>
| #endif
| #ifdef HAVE_INTTYPES_H
| # include <inttypes.h>
| #endif
| #ifdef HAVE_STDINT_H
| # include <stdint.h>
| #endif
| #ifdef HAVE_UNISTD_H
| # include <unistd.h>
| #endif
| int
| main ()
| {
| if (sizeof ((uint32_t)))
| 	    return 0;
|   ;
|   return 0;
| }
configure:12244: result: yes
configure:12390: checking for gettimeofday
configure:12390: gcc -o conftest -g -O2   conftest.c  >&5
configure:12390: $? = 0
configure:12390: result: yes
configure:12390: checking for ftime
configure:12390: gcc -o conftest -g -O2   conftest.c  >&5
configure:12390: $? = 0
configure:12390: result: yes
configure:12399: checking for library containing nanosleep
configure:12430: gcc -o conftest -g -O2   conftest.c  >&5
configure:12430: $? = 0
configure:12447: result: none required
configure:12460: checking sys/socket.h usability
configure:12460: gcc -c -g -O2  conftest.c >&5
configure:12460: $? = 0
configure:12460: result: yes
configure:12460: checking sys/socket.h presence
configure:12460: gcc -E  conftest.c
configure:12460: $? = 0
configure:12460: result: yes
configure:12460: checking for sys/socket.h
configure:12460: result: yes
configure:12470: checking for socklen_t
configure:12470: gcc -c -g -O2  conftest.c >&5
configure:12470: $? = 0
configure:12470: gcc -c -g -O2  conftest.c >&5
conftest.c: In function 'main':
conftest.c:49:24: error: expected expression before ')' token
 if (sizeof ((socklen_t)))
                        ^
configure:12470: $? = 1
configure: failed program was:
| /* confdefs.h */
| #define PACKAGE_NAME "libshout"
| #define PACKAGE_TARNAME "libshout"
| #define PACKAGE_VERSION "2.4.1"
| #define PACKAGE_STRING "libshout 2.4.1"
| #define PACKAGE_BUGREPORT "icecast-dev@xiph.org"
| #define PACKAGE_URL ""
| #define LIBSHOUT_MAJOR 2
| #define LIBSHOUT_MINOR 4
| #define LIBSHOUT_MICRO 1
| #define PACKAGE "libshout"
| #define VERSION "2.4.1"
| #define STDC_HEADERS 1
| #define HAVE_SYS_TYPES_H 1
| #define HAVE_SYS_STAT_H 1
| #define HAVE_STDLIB_H 1
| #define HAVE_STRING_H 1
| #define HAVE_MEMORY_H 1
| #define HAVE_STRINGS_H 1
| #define HAVE_INTTYPES_H 1
| #define HAVE_STDINT_H 1
| #define HAVE_UNISTD_H 1
| #define HAVE_DLFCN_H 1
| #define LT_OBJDIR ".libs/"
| #define _XOPEN_SOURCE 600
| #define _GNU_SOURCE /**/
| #define STDC_HEADERS 1
| #define TIME_WITH_SYS_TIME 1
| #define HAVE_STRINGS_H 1
| #define HAVE_SYS_TIMEB_H 1
| #define HAVE_INTTYPES_H 1
| #define HAVE_C99_INTTYPES 1
| #define HAVE_GETTIMEOFDAY 1
| #define HAVE_FTIME 1
| #define HAVE_NANOSLEEP 1
| #define HAVE_SYS_SOCKET_H 1
| /* end confdefs.h.  */
| #if HAVE_SYS_TYPES_H
| # include <sys/types.h>
| #endif
| #if HAVE_SYS_SOCKET_H
| # include <sys/socket.h>
| #endif
| 
| 
| int
| main ()
| {
| if (sizeof ((socklen_t)))
| 	    return 0;
|   ;
|   return 0;
| }
configure:12470: result: yes
configure:12489: checking for va_copy
configure:12502: gcc -o conftest -g -O2   conftest.c  >&5
configure:12502: $? = 0
configure:12503: result: va_copy
configure:12542: checking sys/select.h usability
configure:12542: gcc -c -g -O2  conftest.c >&5
configure:12542: $? = 0
configure:12542: result: yes
configure:12542: checking sys/select.h presence
configure:12542: gcc -E  conftest.c
configure:12542: $? = 0
configure:12542: result: yes
configure:12542: checking for sys/select.h
configure:12542: result: yes
configure:12542: checking sys/uio.h usability
configure:12542: gcc -c -g -O2  conftest.c >&5
configure:12542: $? = 0
configure:12542: result: yes
configure:12542: checking sys/uio.h presence
configure:12542: gcc -E  conftest.c
configure:12542: $? = 0
configure:12542: result: yes
configure:12542: checking for sys/uio.h
configure:12542: result: yes
configure:12552: checking winsock2.h usability
configure:12552: gcc -c -g -O2  conftest.c >&5
conftest.c:74:22: fatal error: winsock2.h: No such file or directory
 #include <winsock2.h>
                      ^
compilation terminated.
configure:12552: $? = 1
configure: failed program was:
| /* confdefs.h */
| #define PACKAGE_NAME "libshout"
| #define PACKAGE_TARNAME "libshout"
| #define PACKAGE_VERSION "2.4.1"
| #define PACKAGE_STRING "libshout 2.4.1"
| #define PACKAGE_BUGREPORT "icecast-dev@xiph.org"
| #define PACKAGE_URL ""
| #define LIBSHOUT_MAJOR 2
| #define LIBSHOUT_MINOR 4
| #define LIBSHOUT_MICRO 1
| #define PACKAGE "libshout"
| #define VERSION "2.4.1"
| #define STDC_HEADERS 1
| #define HAVE_SYS_TYPES_H 1
| #define HAVE_SYS_STAT_H 1
| #define HAVE_STDLIB_H 1
| #define HAVE_STRING_H 1
| #define HAVE_MEMORY_H 1
| #define HAVE_STRINGS_H 1
| #define HAVE_INTTYPES_H 1
| #define HAVE_STDINT_H 1
| #define HAVE_UNISTD_H 1
| #define HAVE_DLFCN_H 1
| #define LT_OBJDIR ".libs/"
| #define _XOPEN_SOURCE 600
| #define _GNU_SOURCE /**/
| #define STDC_HEADERS 1
| #define TIME_WITH_SYS_TIME 1
| #define HAVE_STRINGS_H 1
| #define HAVE_SYS_TIMEB_H 1
| #define HAVE_INTTYPES_H 1
| #define HAVE_C99_INTTYPES 1
| #define HAVE_GETTIMEOFDAY 1
| #define HAVE_FTIME 1
| #define HAVE_NANOSLEEP 1
| #define HAVE_SYS_SOCKET_H 1
| #define HAVE_SOCKLEN_T 1
| #define HAVE_SYS_SELECT_H 1
| #define HAVE_SYS_UIO_H 1
| /* end confdefs.h.  */
| #include <stdio.h>
| #ifdef HAVE_SYS_TYPES_H
| # include <sys/types.h>
| #endif
| #ifdef HAVE_SYS_STAT_H
| # include <sys/stat.h>
| #endif
| #ifdef STDC_HEADERS
| # include <stdlib.h>
| # include <stddef.h>
| #else
| # ifdef HAVE_STDLIB_H
| #  include <stdlib.h>
| # endif
| #endif
| #ifdef HAVE_STRING_H
| # if !defined STDC_HEADERS && defined HAVE_MEMORY_H
| #  include <memory.h>
| # endif
| # include <string.h>
| #endif
| #ifdef HAVE_STRINGS_H
| # include <strings.h>
| #endif
| #ifdef HAVE_INTTYPES_H
| # include <inttypes.h>
| #endif
| #ifdef HAVE_STDINT_H
| # include <stdint.h>
| #endif
| #ifdef HAVE_UNISTD_H
| # include <unistd.h>
| #endif
| #include <winsock2.h>
configure:12552: result: no
configure:12552: checking winsock2.h presence
configure:12552: gcc -E  conftest.c
conftest.c:41:22: fatal error: winsock2.h: No such file or directory
 #include <winsock2.h>
                      ^
compilation terminated.
configure:12552: $? = 1
configure: failed program was:
| /* confdefs.h */
| #define PACKAGE_NAME "libshout"
| #define PACKAGE_TARNAME "libshout"
| #define PACKAGE_VERSION "2.4.1"
| #define PACKAGE_STRING "libshout 2.4.1"
| #define PACKAGE_BUGREPORT "icecast-dev@xiph.org"
| #define PACKAGE_URL ""
| #define LIBSHOUT_MAJOR 2
| #define LIBSHOUT_MINOR 4
| #define LIBSHOUT_MICRO 1
| #define PACKAGE "libshout"
| #define VERSION "2.4.1"
| #define STDC_HEADERS 1
| #define HAVE_SYS_TYPES_H 1
| #define HAVE_SYS_STAT_H 1
| #define HAVE_STDLIB_H 1
| #define HAVE_STRING_H 1
| #define HAVE_MEMORY_H 1
| #define HAVE_STRINGS_H 1
| #define HAVE_INTTYPES_H 1
| #define HAVE_STDINT_H 1
| #define HAVE_UNISTD_H 1
| #define HAVE_DLFCN_H 1
| #define LT_OBJDIR ".libs/"
| #define _XOPEN_SOURCE 600
| #define _GNU_SOURCE /**/
| #define STDC_HEADERS 1
| #define TIME_WITH_SYS_TIME 1
| #define HAVE_STRINGS_H 1
| #define HAVE_SYS_TIMEB_H 1
| #define HAVE_INTTYPES_H 1
| #define HAVE_C99_INTTYPES 1
| #define HAVE_GETTIMEOFDAY 1
| #define HAVE_FTIME 1
| #define HAVE_NANOSLEEP 1
| #define HAVE_SYS_SOCKET_H 1
| #define HAVE_SOCKLEN_T 1
| #define HAVE_SYS_SELECT_H 1
| #define HAVE_SYS_UIO_H 1
| /* end confdefs.h.  */
| #include <winsock2.h>
configure:12552: result: no
configure:12552: checking for winsock2.h
configure:12552: result: no
configure:12563: checking for library containing sethostent
configure:12594: gcc -o conftest -g -O2   conftest.c  >&5
configure:12594: $? = 0
configure:12611: result: none required
configure:12621: checking for library containing getnameinfo
configure:12652: gcc -o conftest -g -O2   conftest.c  >&5
configure:12652: $? = 0
configure:12669: result: none required
configure:12682: checking for endhostent
configure:12682: gcc -o conftest -g -O2   conftest.c  >&5
configure:12682: $? = 0
configure:12682: result: yes
configure:12682: checking for getaddrinfo
configure:12682: gcc -o conftest -g -O2   conftest.c  >&5
configure:12682: $? = 0
configure:12682: result: yes
configure:12682: checking for inet_aton
configure:12682: gcc -o conftest -g -O2   conftest.c  >&5
configure:12682: $? = 0
configure:12682: result: yes
configure:12682: checking for writev
configure:12682: gcc -o conftest -g -O2   conftest.c  >&5
configure:12682: $? = 0
configure:12682: result: yes
configure:12693: checking for struct sockaddr_storage.ss_family
configure:12693: gcc -c -g -O2  conftest.c >&5
configure:12693: $? = 0
configure:12693: result: yes
configure:12704: checking for inet_pton
configure:12704: gcc -o conftest -g -O2   conftest.c  >&5
configure:12704: $? = 0
configure:12704: result: yes
configure:12891: checking for the pthreads library -lpthreads
configure:12924: gcc -o conftest -g -O2    conftest.c -lpthreads  >&5
conftest.c: In function 'main':
conftest.c:54:22: warning: null argument where non-null required (argument 1) [-Wnonnull]
                      pthread_attr_init(0); pthread_cleanup_push(0, 0);
                      ^
conftest.c:55:22: warning: null argument where non-null required (argument 1) [-Wnonnull]
                      pthread_create(0,0,0,0); pthread_cleanup_pop(0);
                      ^
conftest.c:55:22: warning: null argument where non-null required (argument 3) [-Wnonnull]
/usr/bin/ld: cannot find -lpthreads
collect2: error: ld returned 1 exit status
configure:12924: $? = 1
configure: failed program was:
| /* confdefs.h */
| #define PACKAGE_NAME "libshout"
| #define PACKAGE_TARNAME "libshout"
| #define PACKAGE_VERSION "2.4.1"
| #define PACKAGE_STRING "libshout 2.4.1"
| #define PACKAGE_BUGREPORT "icecast-dev@xiph.org"
| #define PACKAGE_URL ""
| #define LIBSHOUT_MAJOR 2
| #define LIBSHOUT_MINOR 4
| #define LIBSHOUT_MICRO 1
| #define PACKAGE "libshout"
| #define VERSION "2.4.1"
| #define STDC_HEADERS 1
| #define HAVE_SYS_TYPES_H 1
| #define HAVE_SYS_STAT_H 1
| #define HAVE_STDLIB_H 1
| #define HAVE_STRING_H 1
| #define HAVE_MEMORY_H 1
| #define HAVE_STRINGS_H 1
| #define HAVE_INTTYPES_H 1
| #define HAVE_STDINT_H 1
| #define HAVE_UNISTD_H 1
| #define HAVE_DLFCN_H 1
| #define LT_OBJDIR ".libs/"
| #define _XOPEN_SOURCE 600
| #define _GNU_SOURCE /**/
| #define STDC_HEADERS 1
| #define TIME_WITH_SYS_TIME 1
| #define HAVE_STRINGS_H 1
| #define HAVE_SYS_TIMEB_H 1
| #define HAVE_INTTYPES_H 1
| #define HAVE_C99_INTTYPES 1
| #define HAVE_GETTIMEOFDAY 1
| #define HAVE_FTIME 1
| #define HAVE_NANOSLEEP 1
| #define HAVE_SYS_SOCKET_H 1
| #define HAVE_SOCKLEN_T 1
| #define HAVE_SYS_SELECT_H 1
| #define HAVE_SYS_UIO_H 1
| #define HAVE_SETHOSTENT 1
| #define HAVE_GETNAMEINFO 1
| #define HAVE_ENDHOSTENT 1
| #define HAVE_GETADDRINFO 1
| #define HAVE_INET_ATON 1
| #define HAVE_WRITEV 1
| #define HAVE_STRUCT_SOCKADDR_STORAGE_SS_FAMILY 1
| #define HAVE_INET_PTON 1
| /* end confdefs.h.  */
| #include <pthread.h>
| int
| main ()
| {
| pthread_t th; pthread_join(th, 0);
|                      pthread_attr_init(0); pthread_cleanup_push(0, 0);
|                      pthread_create(0,0,0,0); pthread_cleanup_pop(0);
|   ;
|   return 0;
| }
configure:12933: result: no
configure:12836: checking whether pthreads work without any flags
configure:12924: gcc -o conftest -g -O2    conftest.c   >&5
conftest.c: In function 'main':
conftest.c:54:22: warning: null argument where non-null required (argument 1) [-Wnonnull]
                      pthread_attr_init(0); pthread_cleanup_push(0, 0);
                      ^
conftest.c:55:22: warning: null argument where non-null required (argument 1) [-Wnonnull]
                      pthread_create(0,0,0,0); pthread_cleanup_pop(0);
                      ^
conftest.c:55:22: warning: null argument where non-null required (argument 3) [-Wnonnull]
/tmp/ccsQay5z.o: In function `main':
/home/byron/libshout-2.4.1/conftest.c:53: undefined reference to `pthread_join'
/home/byron/libshout-2.4.1/conftest.c:54: undefined reference to `__pthread_register_cancel'
/home/byron/libshout-2.4.1/conftest.c:55: undefined reference to `pthread_create'
/home/byron/libshout-2.4.1/conftest.c:55: undefined reference to `__pthread_unregister_cancel'
collect2: error: ld returned 1 exit status
configure:12924: $? = 1
configure: failed program was:
| /* confdefs.h */
| #define PACKAGE_NAME "libshout"
| #define PACKAGE_TARNAME "libshout"
| #define PACKAGE_VERSION "2.4.1"
| #define PACKAGE_STRING "libshout 2.4.1"
| #define PACKAGE_BUGREPORT "icecast-dev@xiph.org"
| #define PACKAGE_URL ""
| #define LIBSHOUT_MAJOR 2
| #define LIBSHOUT_MINOR 4
| #define LIBSHOUT_MICRO 1
| #define PACKAGE "libshout"
| #define VERSION "2.4.1"
| #define STDC_HEADERS 1
| #define HAVE_SYS_TYPES_H 1
| #define HAVE_SYS_STAT_H 1
| #define HAVE_STDLIB_H 1
| #define HAVE_STRING_H 1
| #define HAVE_MEMORY_H 1
| #define HAVE_STRINGS_H 1
| #define HAVE_INTTYPES_H 1
| #define HAVE_STDINT_H 1
| #define HAVE_UNISTD_H 1
| #define HAVE_DLFCN_H 1
| #define LT_OBJDIR ".libs/"
| #define _XOPEN_SOURCE 600
| #define _GNU_SOURCE /**/
| #define STDC_HEADERS 1
| #define TIME_WITH_SYS_TIME 1
| #define HAVE_STRINGS_H 1
| #define HAVE_SYS_TIMEB_H 1
| #define HAVE_INTTYPES_H 1
| #define HAVE_C99_INTTYPES 1
| #define HAVE_GETTIMEOFDAY 1
| #define HAVE_FTIME 1
| #define HAVE_NANOSLEEP 1
| #define HAVE_SYS_SOCKET_H 1
| #define HAVE_SOCKLEN_T 1
| #define HAVE_SYS_SELECT_H 1
| #define HAVE_SYS_UIO_H 1
| #define HAVE_SETHOSTENT 1
| #define HAVE_GETNAMEINFO 1
| #define HAVE_ENDHOSTENT 1
| #define HAVE_GETADDRINFO 1
| #define HAVE_INET_ATON 1
| #define HAVE_WRITEV 1
| #define HAVE_STRUCT_SOCKADDR_STORAGE_SS_FAMILY 1
| #define HAVE_INET_PTON 1
| /* end confdefs.h.  */
| #include <pthread.h>
| int
| main ()
| {
| pthread_t th; pthread_join(th, 0);
|                      pthread_attr_init(0); pthread_cleanup_push(0, 0);
|                      pthread_create(0,0,0,0); pthread_cleanup_pop(0);
|   ;
|   return 0;
| }
configure:12933: result: no
configure:12841: checking whether pthreads work with -Kthread
configure:12924: gcc -o conftest -g -O2 -Kthread   conftest.c   >&5
gcc: error: unrecognized command line option '-Kthread'
configure:12924: $? = 1
configure: failed program was:
| /* confdefs.h */
| #define PACKAGE_NAME "libshout"
| #define PACKAGE_TARNAME "libshout"
| #define PACKAGE_VERSION "2.4.1"
| #define PACKAGE_STRING "libshout 2.4.1"
| #define PACKAGE_BUGREPORT "icecast-dev@xiph.org"
| #define PACKAGE_URL ""
| #define LIBSHOUT_MAJOR 2
| #define LIBSHOUT_MINOR 4
| #define LIBSHOUT_MICRO 1
| #define PACKAGE "libshout"
| #define VERSION "2.4.1"
| #define STDC_HEADERS 1
| #define HAVE_SYS_TYPES_H 1
| #define HAVE_SYS_STAT_H 1
| #define HAVE_STDLIB_H 1
| #define HAVE_STRING_H 1
| #define HAVE_MEMORY_H 1
| #define HAVE_STRINGS_H 1
| #define HAVE_INTTYPES_H 1
| #define HAVE_STDINT_H 1
| #define HAVE_UNISTD_H 1
| #define HAVE_DLFCN_H 1
| #define LT_OBJDIR ".libs/"
| #define _XOPEN_SOURCE 600
| #define _GNU_SOURCE /**/
| #define STDC_HEADERS 1
| #define TIME_WITH_SYS_TIME 1
| #define HAVE_STRINGS_H 1
| #define HAVE_SYS_TIMEB_H 1
| #define HAVE_INTTYPES_H 1
| #define HAVE_C99_INTTYPES 1
| #define HAVE_GETTIMEOFDAY 1
| #define HAVE_FTIME 1
| #define HAVE_NANOSLEEP 1
| #define HAVE_SYS_SOCKET_H 1
| #define HAVE_SOCKLEN_T 1
| #define HAVE_SYS_SELECT_H 1
| #define HAVE_SYS_UIO_H 1
| #define HAVE_SETHOSTENT 1
| #define HAVE_GETNAMEINFO 1
| #define HAVE_ENDHOSTENT 1
| #define HAVE_GETADDRINFO 1
| #define HAVE_INET_ATON 1
| #define HAVE_WRITEV 1
| #define HAVE_STRUCT_SOCKADDR_STORAGE_SS_FAMILY 1
| #define HAVE_INET_PTON 1
| /* end confdefs.h.  */
| #include <pthread.h>
| int
| main ()
| {
| pthread_t th; pthread_join(th, 0);
|                      pthread_attr_init(0); pthread_cleanup_push(0, 0);
|                      pthread_create(0,0,0,0); pthread_cleanup_pop(0);
|   ;
|   return 0;
| }
configure:12933: result: no
configure:12841: checking whether pthreads work with -kthread
configure:12924: gcc -o conftest -g -O2 -kthread   conftest.c   >&5
gcc: error: unrecognized command line option '-kthread'
configure:12924: $? = 1
configure: failed program was:
| /* confdefs.h */
| #define PACKAGE_NAME "libshout"
| #define PACKAGE_TARNAME "libshout"
| #define PACKAGE_VERSION "2.4.1"
| #define PACKAGE_STRING "libshout 2.4.1"
| #define PACKAGE_BUGREPORT "icecast-dev@xiph.org"
| #define PACKAGE_URL ""
| #define LIBSHOUT_MAJOR 2
| #define LIBSHOUT_MINOR 4
| #define LIBSHOUT_MICRO 1
| #define PACKAGE "libshout"
| #define VERSION "2.4.1"
| #define STDC_HEADERS 1
| #define HAVE_SYS_TYPES_H 1
| #define HAVE_SYS_STAT_H 1
| #define HAVE_STDLIB_H 1
| #define HAVE_STRING_H 1
| #define HAVE_MEMORY_H 1
| #define HAVE_STRINGS_H 1
| #define HAVE_INTTYPES_H 1
| #define HAVE_STDINT_H 1
| #define HAVE_UNISTD_H 1
| #define HAVE_DLFCN_H 1
| #define LT_OBJDIR ".libs/"
| #define _XOPEN_SOURCE 600
| #define _GNU_SOURCE /**/
| #define STDC_HEADERS 1
| #define TIME_WITH_SYS_TIME 1
| #define HAVE_STRINGS_H 1
| #define HAVE_SYS_TIMEB_H 1
| #define HAVE_INTTYPES_H 1
| #define HAVE_C99_INTTYPES 1
| #define HAVE_GETTIMEOFDAY 1
| #define HAVE_FTIME 1
| #define HAVE_NANOSLEEP 1
| #define HAVE_SYS_SOCKET_H 1
| #define HAVE_SOCKLEN_T 1
| #define HAVE_SYS_SELECT_H 1
| #define HAVE_SYS_UIO_H 1
| #define HAVE_SETHOSTENT 1
| #define HAVE_GETNAMEINFO 1
| #define HAVE_ENDHOSTENT 1
| #define HAVE_GETADDRINFO 1
| #define HAVE_INET_ATON 1
| #define HAVE_WRITEV 1
| #define HAVE_STRUCT_SOCKADDR_STORAGE_SS_FAMILY 1
| #define HAVE_INET_PTON 1
| /* end confdefs.h.  */
| #include <pthread.h>
| int
| main ()
| {
| pthread_t th; pthread_join(th, 0);
|                      pthread_attr_init(0); pthread_cleanup_push(0, 0);
|                      pthread_create(0,0,0,0); pthread_cleanup_pop(0);
|   ;
|   return 0;
| }
configure:12933: result: no
configure:12891: checking for the pthreads library -llthread
configure:12924: gcc -o conftest -g -O2    conftest.c -llthread  >&5
conftest.c: In function 'main':
conftest.c:54:22: warning: null argument where non-null required (argument 1) [-Wnonnull]
                      pthread_attr_init(0); pthread_cleanup_push(0, 0);
                      ^
conftest.c:55:22: warning: null argument where non-null required (argument 1) [-Wnonnull]
                      pthread_create(0,0,0,0); pthread_cleanup_pop(0);
                      ^
conftest.c:55:22: warning: null argument where non-null required (argument 3) [-Wnonnull]
/usr/bin/ld: cannot find -llthread
collect2: error: ld returned 1 exit status
configure:12924: $? = 1
configure: failed program was:
| /* confdefs.h */
| #define PACKAGE_NAME "libshout"
| #define PACKAGE_TARNAME "libshout"
| #define PACKAGE_VERSION "2.4.1"
| #define PACKAGE_STRING "libshout 2.4.1"
| #define PACKAGE_BUGREPORT "icecast-dev@xiph.org"
| #define PACKAGE_URL ""
| #define LIBSHOUT_MAJOR 2
| #define LIBSHOUT_MINOR 4
| #define LIBSHOUT_MICRO 1
| #define PACKAGE "libshout"
| #define VERSION "2.4.1"
| #define STDC_HEADERS 1
| #define HAVE_SYS_TYPES_H 1
| #define HAVE_SYS_STAT_H 1
| #define HAVE_STDLIB_H 1
| #define HAVE_STRING_H 1
| #define HAVE_MEMORY_H 1
| #define HAVE_STRINGS_H 1
| #define HAVE_INTTYPES_H 1
| #define HAVE_STDINT_H 1
| #define HAVE_UNISTD_H 1
| #define HAVE_DLFCN_H 1
| #define LT_OBJDIR ".libs/"
| #define _XOPEN_SOURCE 600
| #define _GNU_SOURCE /**/
| #define STDC_HEADERS 1
| #define TIME_WITH_SYS_TIME 1
| #define HAVE_STRINGS_H 1
| #define HAVE_SYS_TIMEB_H 1
| #define HAVE_INTTYPES_H 1
| #define HAVE_C99_INTTYPES 1
| #define HAVE_GETTIMEOFDAY 1
| #define HAVE_FTIME 1
| #define HAVE_NANOSLEEP 1
| #define HAVE_SYS_SOCKET_H 1
| #define HAVE_SOCKLEN_T 1
| #define HAVE_SYS_SELECT_H 1
| #define HAVE_SYS_UIO_H 1
| #define HAVE_SETHOSTENT 1
| #define HAVE_GETNAMEINFO 1
| #define HAVE_ENDHOSTENT 1
| #define HAVE_GETADDRINFO 1
| #define HAVE_INET_ATON 1
| #define HAVE_WRITEV 1
| #define HAVE_STRUCT_SOCKADDR_STORAGE_SS_FAMILY 1
| #define HAVE_INET_PTON 1
| /* end confdefs.h.  */
| #include <pthread.h>
| int
| main ()
| {
| pthread_t th; pthread_join(th, 0);
|                      pthread_attr_init(0); pthread_cleanup_push(0, 0);
|                      pthread_create(0,0,0,0); pthread_cleanup_pop(0);
|   ;
|   return 0;
| }
configure:12933: result: no
configure:12841: checking whether pthreads work with -pthread
configure:12924: gcc -o conftest -g -O2 -pthread   conftest.c   >&5
conftest.c: In function 'main':
conftest.c:54:22: warning: null argument where non-null required (argument 1) [-Wnonnull]
                      pthread_attr_init(0); pthread_cleanup_push(0, 0);
                      ^
conftest.c:55:22: warning: null argument where non-null required (argument 1) [-Wnonnull]
                      pthread_create(0,0,0,0); pthread_cleanup_pop(0);
                      ^
conftest.c:55:22: warning: null argument where non-null required (argument 3) [-Wnonnull]
configure:12924: $? = 0
configure:12933: result: yes
configure:12952: checking for joinable pthread attribute
configure:12967: gcc -o conftest -g -O2 -pthread   conftest.c   >&5
configure:12967: $? = 0
configure:12973: result: PTHREAD_CREATE_JOINABLE
configure:12983: checking if more special flags are required for pthreads
configure:12990: result: no
configure:12998: checking for pthread_spin_lock
configure:12998: gcc -o conftest -g -O2 -pthread   conftest.c   >&5
configure:12998: $? = 0
configure:12998: result: yes
configure:13160: checking for pkg-config
configure:13178: found /usr/bin/pkg-config
configure:13190: result: /usr/bin/pkg-config
configure:13215: checking pkg-config is at least version 0.9.0
configure:13218: result: yes
configure:13261: gcc -c -Werror -I/usr/local/include  conftest.c >&5
configure:13261: $? = 0
configure:13278: checking for libogg
configure:13312: gcc -o conftest -g -O2 -I/usr/local/include   -L/usr/local/lib conftest.c   -logg >&5
configure:13312: $? = 0
configure:13342: result: ok
configure:13361: checking for VORBIS
configure:13368: $PKG_CONFIG --exists --print-errors "vorbis"
configure:13371: $? = 0
configure:13385: $PKG_CONFIG --exists --print-errors "vorbis"
configure:13388: $? = 0
configure:13772: result: yes
configure:13791: checking for THEORA
configure:13798: $PKG_CONFIG --exists --print-errors "theora"
Package theora was not found in the pkg-config search path.
Perhaps you should add the directory containing `theora.pc'
to the PKG_CONFIG_PATH environment variable
No package 'theora' found
configure:13801: $? = 1
configure:13815: $PKG_CONFIG --exists --print-errors "theora"
Package theora was not found in the pkg-config search path.
Perhaps you should add the directory containing `theora.pc'
to the PKG_CONFIG_PATH environment variable
No package 'theora' found
configure:13818: $? = 1
configure:13832: result: no
No package 'theora' found
configure:13921: checking for libtheora
configure:13941: gcc -o conftest -g -O2   -L/usr/local/lib conftest.c   -ltheora -logg >&5
/usr/bin/ld: cannot find -ltheora
collect2: error: ld returned 1 exit status
configure:13941: $? = 1
configure: failed program was:
| /* confdefs.h */
| #define PACKAGE_NAME "libshout"
| #define PACKAGE_TARNAME "libshout"
| #define PACKAGE_VERSION "2.4.1"
| #define PACKAGE_STRING "libshout 2.4.1"
| #define PACKAGE_BUGREPORT "icecast-dev@xiph.org"
| #define PACKAGE_URL ""
| #define LIBSHOUT_MAJOR 2
| #define LIBSHOUT_MINOR 4
| #define LIBSHOUT_MICRO 1
| #define PACKAGE "libshout"
| #define VERSION "2.4.1"
| #define STDC_HEADERS 1
| #define HAVE_SYS_TYPES_H 1
| #define HAVE_SYS_STAT_H 1
| #define HAVE_STDLIB_H 1
| #define HAVE_STRING_H 1
| #define HAVE_MEMORY_H 1
| #define HAVE_STRINGS_H 1
| #define HAVE_INTTYPES_H 1
| #define HAVE_STDINT_H 1
| #define HAVE_UNISTD_H 1
| #define HAVE_DLFCN_H 1
| #define LT_OBJDIR ".libs/"
| #define _XOPEN_SOURCE 600
| #define _GNU_SOURCE /**/
| #define STDC_HEADERS 1
| #define TIME_WITH_SYS_TIME 1
| #define HAVE_STRINGS_H 1
| #define HAVE_SYS_TIMEB_H 1
| #define HAVE_INTTYPES_H 1
| #define HAVE_C99_INTTYPES 1
| #define HAVE_GETTIMEOFDAY 1
| #define HAVE_FTIME 1
| #define HAVE_NANOSLEEP 1
| #define HAVE_SYS_SOCKET_H 1
| #define HAVE_SOCKLEN_T 1
| #define HAVE_SYS_SELECT_H 1
| #define HAVE_SYS_UIO_H 1
| #define HAVE_SETHOSTENT 1
| #define HAVE_GETNAMEINFO 1
| #define HAVE_ENDHOSTENT 1
| #define HAVE_GETADDRINFO 1
| #define HAVE_INET_ATON 1
| #define HAVE_WRITEV 1
| #define HAVE_STRUCT_SOCKADDR_STORAGE_SS_FAMILY 1
| #define HAVE_INET_PTON 1
| #define HAVE_PTHREAD_SPIN_LOCK 1
| #define HAVE_OGG 1
| /* end confdefs.h.  */
| 
| /* Override any GCC internal prototype to avoid an error.
|    Use char because int might match the return type of a GCC
|    builtin and then its argument prototype would still apply.  */
| #ifdef __cplusplus
| extern "C"
| #endif
| char theora_decode_header ();
| int
| main ()
| {
| return theora_decode_header ();
|   ;
|   return 0;
| }
configure:13992: result: Not found
configure:13994: WARNING: Theora library not found, disabling
configure:14224: checking for SPEEX
configure:14231: $PKG_CONFIG --exists --print-errors "speex"
Package speex was not found in the pkg-config search path.
Perhaps you should add the directory containing `speex.pc'
to the PKG_CONFIG_PATH environment variable
No package 'speex' found
configure:14234: $? = 1
configure:14248: $PKG_CONFIG --exists --print-errors "speex"
Package speex was not found in the pkg-config search path.
Perhaps you should add the directory containing `speex.pc'
to the PKG_CONFIG_PATH environment variable
No package 'speex' found
configure:14251: $? = 1
configure:14265: result: no
No package 'speex' found
configure:14354: checking for libspeex
configure:14374: gcc -o conftest -g -O2   -L/usr/local/lib conftest.c   -lspeex >&5
/usr/bin/ld: cannot find -lspeex
collect2: error: ld returned 1 exit status
configure:14374: $? = 1
configure: failed program was:
| /* confdefs.h */
| #define PACKAGE_NAME "libshout"
| #define PACKAGE_TARNAME "libshout"
| #define PACKAGE_VERSION "2.4.1"
| #define PACKAGE_STRING "libshout 2.4.1"
| #define PACKAGE_BUGREPORT "icecast-dev@xiph.org"
| #define PACKAGE_URL ""
| #define LIBSHOUT_MAJOR 2
| #define LIBSHOUT_MINOR 4
| #define LIBSHOUT_MICRO 1
| #define PACKAGE "libshout"
| #define VERSION "2.4.1"
| #define STDC_HEADERS 1
| #define HAVE_SYS_TYPES_H 1
| #define HAVE_SYS_STAT_H 1
| #define HAVE_STDLIB_H 1
| #define HAVE_STRING_H 1
| #define HAVE_MEMORY_H 1
| #define HAVE_STRINGS_H 1
| #define HAVE_INTTYPES_H 1
| #define HAVE_STDINT_H 1
| #define HAVE_UNISTD_H 1
| #define HAVE_DLFCN_H 1
| #define LT_OBJDIR ".libs/"
| #define _XOPEN_SOURCE 600
| #define _GNU_SOURCE /**/
| #define STDC_HEADERS 1
| #define TIME_WITH_SYS_TIME 1
| #define HAVE_STRINGS_H 1
| #define HAVE_SYS_TIMEB_H 1
| #define HAVE_INTTYPES_H 1
| #define HAVE_C99_INTTYPES 1
| #define HAVE_GETTIMEOFDAY 1
| #define HAVE_FTIME 1
| #define HAVE_NANOSLEEP 1
| #define HAVE_SYS_SOCKET_H 1
| #define HAVE_SOCKLEN_T 1
| #define HAVE_SYS_SELECT_H 1
| #define HAVE_SYS_UIO_H 1
| #define HAVE_SETHOSTENT 1
| #define HAVE_GETNAMEINFO 1
| #define HAVE_ENDHOSTENT 1
| #define HAVE_GETADDRINFO 1
| #define HAVE_INET_ATON 1
| #define HAVE_WRITEV 1
| #define HAVE_STRUCT_SOCKADDR_STORAGE_SS_FAMILY 1
| #define HAVE_INET_PTON 1
| #define HAVE_PTHREAD_SPIN_LOCK 1
| #define HAVE_OGG 1
| /* end confdefs.h.  */
| 
| /* Override any GCC internal prototype to avoid an error.
|    Use char because int might match the return type of a GCC
|    builtin and then its argument prototype would still apply.  */
| #ifdef __cplusplus
| extern "C"
| #endif
| char ogg_stream_init ();
| int
| main ()
| {
| return ogg_stream_init ();
|   ;
|   return 0;
| }
configure:14397: gcc -o conftest -g -O2   -L/usr/local/lib conftest.c   -lspeex -logg >&5
/usr/bin/ld: cannot find -lspeex
collect2: error: ld returned 1 exit status
configure:14397: $? = 1
configure: failed program was:
| /* confdefs.h */
| #define PACKAGE_NAME "libshout"
| #define PACKAGE_TARNAME "libshout"
| #define PACKAGE_VERSION "2.4.1"
| #define PACKAGE_STRING "libshout 2.4.1"
| #define PACKAGE_BUGREPORT "icecast-dev@xiph.org"
| #define PACKAGE_URL ""
| #define LIBSHOUT_MAJOR 2
| #define LIBSHOUT_MINOR 4
| #define LIBSHOUT_MICRO 1
| #define PACKAGE "libshout"
| #define VERSION "2.4.1"
| #define STDC_HEADERS 1
| #define HAVE_SYS_TYPES_H 1
| #define HAVE_SYS_STAT_H 1
| #define HAVE_STDLIB_H 1
| #define HAVE_STRING_H 1
| #define HAVE_MEMORY_H 1
| #define HAVE_STRINGS_H 1
| #define HAVE_INTTYPES_H 1
| #define HAVE_STDINT_H 1
| #define HAVE_UNISTD_H 1
| #define HAVE_DLFCN_H 1
| #define LT_OBJDIR ".libs/"
| #define _XOPEN_SOURCE 600
| #define _GNU_SOURCE /**/
| #define STDC_HEADERS 1
| #define TIME_WITH_SYS_TIME 1
| #define HAVE_STRINGS_H 1
| #define HAVE_SYS_TIMEB_H 1
| #define HAVE_INTTYPES_H 1
| #define HAVE_C99_INTTYPES 1
| #define HAVE_GETTIMEOFDAY 1
| #define HAVE_FTIME 1
| #define HAVE_NANOSLEEP 1
| #define HAVE_SYS_SOCKET_H 1
| #define HAVE_SOCKLEN_T 1
| #define HAVE_SYS_SELECT_H 1
| #define HAVE_SYS_UIO_H 1
| #define HAVE_SETHOSTENT 1
| #define HAVE_GETNAMEINFO 1
| #define HAVE_ENDHOSTENT 1
| #define HAVE_GETADDRINFO 1
| #define HAVE_INET_ATON 1
| #define HAVE_WRITEV 1
| #define HAVE_STRUCT_SOCKADDR_STORAGE_SS_FAMILY 1
| #define HAVE_INET_PTON 1
| #define HAVE_PTHREAD_SPIN_LOCK 1
| #define HAVE_OGG 1
| /* end confdefs.h.  */
| 
| /* Override any GCC internal prototype to avoid an error.
|    Use char because int might match the return type of a GCC
|    builtin and then its argument prototype would still apply.  */
| #ifdef __cplusplus
| extern "C"
| #endif
| char ogg_stream_init ();
| int
| main ()
| {
| return ogg_stream_init ();
|   ;
|   return 0;
| }
configure:14442: WARNING: Speex library not found, disabling
configure:14696: checking for pkg-config
configure:14712: found /usr/bin/pkg-config
configure:14724: result: yes
configure:14774: checking for pkg-config
configure:14792: found /usr/bin/pkg-config
configure:14805: result: /usr/bin/pkg-config
configure:14843: gcc -o conftest -g -O2     conftest.c -lssl -lcrypto     >&5
configure:14843: $? = 0
configure:14978: gcc -c -Werror -I/usr/local/include  conftest.c >&5
configure:14978: $? = 0
configure:15286: checking that generated files are newer than configure
configure:15292: result: done
configure:15339: creating ./config.status

## ---------------------- ##
## Running config.status. ##
## ---------------------- ##

This file was extended by libshout config.status 2.4.1, which was
generated by GNU Autoconf 2.69.  Invocation command line was

  CONFIG_FILES    = 
  CONFIG_HEADERS  = 
  CONFIG_LINKS    = 
  CONFIG_COMMANDS = 
  $ ./config.status 

on g4capstone

config.status:1176: creating Makefile
config.status:1176: creating include/Makefile
config.status:1176: creating include/shout/Makefile
config.status:1176: creating include/shout/shout.h
config.status:1176: creating src/Makefile
config.status:1176: creating src/common/net/Makefile
config.status:1176: creating src/common/timing/Makefile
config.status:1176: creating src/common/thread/Makefile
config.status:1176: creating src/common/avl/Makefile
config.status:1176: creating src/common/httpp/Makefile
config.status:1176: creating doc/Makefile
config.status:1176: creating examples/Makefile
config.status:1176: creating win32/Makefile
config.status:1176: creating shout.pc
config.status:1176: creating config.h
config.status:1405: executing depfiles commands
config.status:1405: executing libtool commands

## ---------------- ##
## Cache variables. ##
## ---------------- ##

ac_cv_build=x86_64-unknown-linux-gnu
ac_cv_c_compiler_gnu=yes
ac_cv_c_const=yes
ac_cv_c_inline=inline
ac_cv_env_CC_set=
ac_cv_env_CC_value=
ac_cv_env_CFLAGS_set=
ac_cv_env_CFLAGS_value=
ac_cv_env_CPPFLAGS_set=
ac_cv_env_CPPFLAGS_value=
ac_cv_env_CPP_set=
ac_cv_env_CPP_value=
ac_cv_env_LDFLAGS_set=
ac_cv_env_LDFLAGS_value=
ac_cv_env_LIBS_set=
ac_cv_env_LIBS_value=
ac_cv_env_OGG_PREFIX_set=
ac_cv_env_OGG_PREFIX_value=
ac_cv_env_PKG_CONFIG_LIBDIR_set=
ac_cv_env_PKG_CONFIG_LIBDIR_value=
ac_cv_env_PKG_CONFIG_PATH_set=
ac_cv_env_PKG_CONFIG_PATH_value=
ac_cv_env_PKG_CONFIG_set=
ac_cv_env_PKG_CONFIG_value=
ac_cv_env_SPEEX_CFLAGS_set=
ac_cv_env_SPEEX_CFLAGS_value=
ac_cv_env_SPEEX_LIBS_set=
ac_cv_env_SPEEX_LIBS_value=
ac_cv_env_SPEEX_set=
ac_cv_env_SPEEX_value=
ac_cv_env_THEORA_CFLAGS_set=
ac_cv_env_THEORA_CFLAGS_value=
ac_cv_env_THEORA_LIBS_set=
ac_cv_env_THEORA_LIBS_value=
ac_cv_env_THEORA_set=
ac_cv_env_THEORA_value=
ac_cv_env_VORBIS_CFLAGS_set=
ac_cv_env_VORBIS_CFLAGS_value=
ac_cv_env_VORBIS_LIBS_set=
ac_cv_env_VORBIS_LIBS_value=
ac_cv_env_VORBIS_PREFIX_set=
ac_cv_env_VORBIS_PREFIX_value=
ac_cv_env_build_alias_set=
ac_cv_env_build_alias_value=
ac_cv_env_host_alias_set=
ac_cv_env_host_alias_value=
ac_cv_env_target_alias_set=
ac_cv_env_target_alias_value=
ac_cv_func_endhostent=yes
ac_cv_func_ftime=yes
ac_cv_func_getaddrinfo=yes
ac_cv_func_gettimeofday=yes
ac_cv_func_inet_aton=yes
ac_cv_func_inet_pton=yes
ac_cv_func_pthread_spin_lock=yes
ac_cv_func_writev=yes
ac_cv_header_dlfcn_h=yes
ac_cv_header_inttypes_h=yes
ac_cv_header_memory_h=yes
ac_cv_header_stdc=yes
ac_cv_header_stdint_h=yes
ac_cv_header_stdlib_h=yes
ac_cv_header_string_h=yes
ac_cv_header_strings_h=yes
ac_cv_header_sys_select_h=yes
ac_cv_header_sys_socket_h=yes
ac_cv_header_sys_stat_h=yes
ac_cv_header_sys_timeb_h=yes
ac_cv_header_sys_types_h=yes
ac_cv_header_sys_uio_h=yes
ac_cv_header_time=yes
ac_cv_header_unistd_h=yes
ac_cv_header_winsock2_h=no
ac_cv_host=x86_64-unknown-linux-gnu
ac_cv_member_struct_sockaddr_storage_ss_family=yes
ac_cv_objext=o
ac_cv_path_EGREP='/bin/grep -E'
ac_cv_path_FGREP='/bin/grep -F'
ac_cv_path_GREP=/bin/grep
ac_cv_path_PKGCONFIG=/usr/bin/pkg-config
ac_cv_path_SED=/bin/sed
ac_cv_path_ac_pt_PKG_CONFIG=/usr/bin/pkg-config
ac_cv_path_install='/usr/bin/install -c'
ac_cv_path_mkdir=/bin/mkdir
ac_cv_prog_AWK=gawk
ac_cv_prog_CPP='gcc -E'
ac_cv_prog_PKGCONFIG=yes
ac_cv_prog_ac_ct_AR=ar
ac_cv_prog_ac_ct_CC=gcc
ac_cv_prog_ac_ct_MANIFEST_TOOL=mt
ac_cv_prog_ac_ct_OBJDUMP=objdump
ac_cv_prog_ac_ct_RANLIB=ranlib
ac_cv_prog_ac_ct_STRIP=strip
ac_cv_prog_cc_c89=
ac_cv_prog_cc_g=yes
ac_cv_prog_make_make_set=yes
ac_cv_search_getnameinfo='none required'
ac_cv_search_nanosleep='none required'
ac_cv_search_sethostent='none required'
ac_cv_type_socklen_t=yes
ac_cv_type_uint32_t=yes
am_cv_CC_dependencies_compiler_type=gcc3
am_cv_make_support_nested_variables=yes
am_cv_prog_cc_c_o=yes
lt_cv_ar_at_file=@
lt_cv_archive_cmds_need_lc=no
lt_cv_deplibs_check_method=pass_all
lt_cv_file_magic_cmd='$MAGIC_CMD'
lt_cv_file_magic_test_file=
lt_cv_ld_reload_flag=-r
lt_cv_nm_interface='BSD nm'
lt_cv_objdir=.libs
lt_cv_path_LD=/usr/bin/ld
lt_cv_path_NM='/usr/bin/nm -B'
lt_cv_path_mainfest_tool=no
lt_cv_prog_compiler_c_o=yes
lt_cv_prog_compiler_pic='-fPIC -DPIC'
lt_cv_prog_compiler_pic_works=yes
lt_cv_prog_compiler_rtti_exceptions=no
lt_cv_prog_compiler_static_works=yes
lt_cv_prog_gnu_ld=yes
lt_cv_sharedlib_from_linklib_cmd='printf %s\n'
lt_cv_shlibpath_overrides_runpath=no
lt_cv_sys_global_symbol_pipe='sed -n -e '\''s/^.*[	 ]\([ABCDGIRSTW][ABCDGIRSTW]*\)[	 ][	 ]*\([_A-Za-z][_A-Za-z0-9]*\)$/\1 \2 \2/p'\'' | sed '\''/ __gnu_lto/d'\'''
lt_cv_sys_global_symbol_to_c_name_address='sed -n -e '\''s/^: \([^ ]*\)[ ]*$/  {\"\1\", (void *) 0},/p'\'' -e '\''s/^[ABCDGIRSTW]* \([^ ]*\) \([^ ]*\)$/  {"\2", (void *) \&\2},/p'\'''
lt_cv_sys_global_symbol_to_c_name_address_lib_prefix='sed -n -e '\''s/^: \([^ ]*\)[ ]*$/  {\"\1\", (void *) 0},/p'\'' -e '\''s/^[ABCDGIRSTW]* \([^ ]*\) \(lib[^ ]*\)$/  {"\2", (void *) \&\2},/p'\'' -e '\''s/^[ABCDGIRSTW]* \([^ ]*\) \([^ ]*\)$/  {"lib\2", (void *) \&\2},/p'\'''
lt_cv_sys_global_symbol_to_cdecl='sed -n -e '\''s/^T .* \(.*\)$/extern int \1();/p'\'' -e '\''s/^[ABCDGIRSTW]* .* \(.*\)$/extern char \1;/p'\'''
lt_cv_sys_max_cmd_len=1966080
lt_cv_to_host_file_cmd=func_convert_file_noop
lt_cv_to_tool_file_cmd=func_convert_file_noop
pkg_cv_VORBIS_CFLAGS='-I/usr/local/include  '
pkg_cv_VORBIS_LIBS='-L/usr/local/lib -lvorbis  '
xt_cv_lib_ogg=ok

## ----------------- ##
## Output variables. ##
## ----------------- ##

ACLOCAL='${SHELL} /home/byron/libshout-2.4.1/missing aclocal-1.15'
AMDEPBACKSLASH='\'
AMDEP_FALSE='#'
AMDEP_TRUE=''
AMTAR='$${TAR-tar}'
AM_BACKSLASH='\'
AM_DEFAULT_V='$(AM_DEFAULT_VERBOSITY)'
AM_DEFAULT_VERBOSITY='1'
AM_V='$(V)'
AR='ar'
AUTOCONF='${SHELL} /home/byron/libshout-2.4.1/missing autoconf'
AUTOHEADER='${SHELL} /home/byron/libshout-2.4.1/missing autoheader'
AUTOMAKE='${SHELL} /home/byron/libshout-2.4.1/missing automake-1.15'
AWK='gawk'
CC='gcc'
CCDEPMODE='depmode=gcc3'
CFLAGS='-g -O2'
CPP='gcc -E'
CPPFLAGS=''
CYGPATH_W='echo'
DEBUG='-g'
DEFS='-DHAVE_CONFIG_H'
DEPDIR='.deps'
DLLTOOL='false'
DSYMUTIL=''
DUMPBIN=''
ECHO_C=''
ECHO_N='-n'
ECHO_T=''
EGREP='/bin/grep -E'
EXEEXT=''
FGREP='/bin/grep -F'
GREP='/bin/grep'
HAVE_PKGCONFIG_FALSE='#'
HAVE_PKGCONFIG_TRUE=''
HAVE_SPEEX_FALSE=''
HAVE_SPEEX_TRUE='#'
HAVE_THEORA_FALSE=''
HAVE_THEORA_TRUE='#'
HAVE_THREAD_FALSE='#'
HAVE_THREAD_TRUE=''
HAVE_TLS_FALSE='#'
HAVE_TLS_TRUE=''
INSTALL_DATA='${INSTALL} -m 644'
INSTALL_PROGRAM='${INSTALL}'
INSTALL_SCRIPT='${INSTALL}'
INSTALL_STRIP_PROGRAM='$(install_sh) -c -s'
LD='/usr/bin/ld -m elf_x86_64'
LDFLAGS=''
LIBOBJS=''
LIBS=' '
LIBTOOL='$(SHELL) $(top_builddir)/libtool'
LIBTOOL_DEPS='./ltmain.sh'
LIPO=''
LN_S='ln -s'
LTLIBOBJS=''
MAINT='#'
MAINTAINER_MODE_FALSE=''
MAINTAINER_MODE_TRUE='#'
MAKEINFO='${SHELL} /home/byron/libshout-2.4.1/missing makeinfo'
MANIFEST_TOOL=':'
MKDIR_P='/bin/mkdir -p'
NM='/usr/bin/nm -B'
NMEDIT=''
OBJDUMP='objdump'
OBJEXT='o'
OGG_CFLAGS='-I/usr/local/include'
OGG_LDFLAGS='-L/usr/local/lib'
OGG_LIBS='-logg'
OGG_PREFIX=''
OPT=''
OTOOL64=''
OTOOL=''
PACKAGE='libshout'
PACKAGE_BUGREPORT='icecast-dev@xiph.org'
PACKAGE_NAME='libshout'
PACKAGE_STRING='libshout 2.4.1'
PACKAGE_TARNAME='libshout'
PACKAGE_URL=''
PACKAGE_VERSION='2.4.1'
PATH_SEPARATOR=':'
PKGCONFIG='/usr/bin/pkg-config'
PKG_CONFIG='/usr/bin/pkg-config'
PKG_CONFIG_LIBDIR=''
PKG_CONFIG_PATH=''
PROFILE='-pg -g'
PTHREAD_CC='gcc'
PTHREAD_CFLAGS='-pthread'
PTHREAD_CPPFLAGS=''
PTHREAD_LIBS=''
RANLIB='ranlib'
SED='/bin/sed'
SET_MAKE=''
SHELL='/bin/bash'
SHOUT_CFLAGS=' -pthread'
SHOUT_CPPFLAGS=' -I/usr/local/include'
SHOUT_LIBDEPS=' -L/usr/local/lib -lvorbis -lssl -lcrypto'
SHOUT_REQUIRES='ogg, vorbis'
SHOUT_THREADSAFE='1'
SHOUT_TLS='1'
SPEEX=''
SPEEX_CFLAGS=''
SPEEX_LDFLAGS=''
SPEEX_LIBS=''
STRIP='strip'
THEORA=''
THEORA_CFLAGS=''
THEORA_LDFLAGS=''
THEORA_LIBS=''
VERSION='2.4.1'
VORBISENC_LIBS=''
VORBISFILE_LIBS=''
VORBIS_CFLAGS='-I/usr/local/include  '
VORBIS_LDFLAGS=''
VORBIS_LIBS=' -L/usr/local/lib -lvorbis  '
VORBIS_PREFIX=''
XIPH_CFLAGS='-Wall -ffast-math -fsigned-char -pthread  -I/usr/local/include  '
XIPH_CPPFLAGS=''
XIPH_LIBS=' -lssl -lcrypto   LDFLAGS '
ac_ct_AR='ar'
ac_ct_CC='gcc'
ac_ct_DUMPBIN=''
acx_pthread_config=''
am__EXEEXT_FALSE=''
am__EXEEXT_TRUE='#'
am__fastdepCC_FALSE='#'
am__fastdepCC_TRUE=''
am__include='include'
am__isrc=''
am__leading_dot='.'
am__nodep='_no'
am__quote=''
am__tar='$${TAR-tar} chof - "$$tardir"'
am__untar='$${TAR-tar} xf -'
bindir='${exec_prefix}/bin'
build='x86_64-unknown-linux-gnu'
build_alias=''
build_cpu='x86_64'
build_os='linux-gnu'
build_vendor='unknown'
datadir='${datarootdir}'
datarootdir='${prefix}/share'
docdir='${datarootdir}/doc/${PACKAGE_TARNAME}'
dvidir='${docdir}'
exec_prefix='${prefix}'
host='x86_64-unknown-linux-gnu'
host_alias=''
host_cpu='x86_64'
host_os='linux-gnu'
host_vendor='unknown'
htmldir='${docdir}'
includedir='${prefix}/include'
infodir='${datarootdir}/info'
install_sh='${SHELL} /home/byron/libshout-2.4.1/install-sh'
libdir='${exec_prefix}/lib'
libexecdir='${exec_prefix}/libexec'
localedir='${datarootdir}/locale'
localstatedir='${prefix}/var'
mandir='${datarootdir}/man'
mkdir_p='$(MKDIR_P)'
oldincludedir='/usr/include'
pdfdir='${docdir}'
prefix='/usr/local'
program_transform_name='s,x,x,'
psdir='${docdir}'
runstatedir='${localstatedir}/run'
sbindir='${exec_prefix}/sbin'
sharedstatedir='${prefix}/com'
sysconfdir='${prefix}/etc'
target_alias=''

## ----------- ##
## confdefs.h. ##
## ----------- ##

/* confdefs.h */
#define PACKAGE_NAME "libshout"
#define PACKAGE_TARNAME "libshout"
#define PACKAGE_VERSION "2.4.1"
#define PACKAGE_STRING "libshout 2.4.1"
#define PACKAGE_BUGREPORT "icecast-dev@xiph.org"
#define PACKAGE_URL ""
#define LIBSHOUT_MAJOR 2
#define LIBSHOUT_MINOR 4
#define LIBSHOUT_MICRO 1
#define PACKAGE "libshout"
#define VERSION "2.4.1"
#define STDC_HEADERS 1
#define HAVE_SYS_TYPES_H 1
#define HAVE_SYS_STAT_H 1
#define HAVE_STDLIB_H 1
#define HAVE_STRING_H 1
#define HAVE_MEMORY_H 1
#define HAVE_STRINGS_H 1
#define HAVE_INTTYPES_H 1
#define HAVE_STDINT_H 1
#define HAVE_UNISTD_H 1
#define HAVE_DLFCN_H 1
#define LT_OBJDIR ".libs/"
#define _XOPEN_SOURCE 600
#define _GNU_SOURCE /**/
#define STDC_HEADERS 1
#define TIME_WITH_SYS_TIME 1
#define HAVE_STRINGS_H 1
#define HAVE_SYS_TIMEB_H 1
#define HAVE_INTTYPES_H 1
#define HAVE_C99_INTTYPES 1
#define HAVE_GETTIMEOFDAY 1
#define HAVE_FTIME 1
#define HAVE_NANOSLEEP 1
#define HAVE_SYS_SOCKET_H 1
#define HAVE_SOCKLEN_T 1
#define HAVE_SYS_SELECT_H 1
#define HAVE_SYS_UIO_H 1
#define HAVE_SETHOSTENT 1
#define HAVE_GETNAMEINFO 1
#define HAVE_ENDHOSTENT 1
#define HAVE_GETADDRINFO 1
#define HAVE_INET_ATON 1
#define HAVE_WRITEV 1
#define HAVE_STRUCT_SOCKADDR_STORAGE_SS_FAMILY 1
#define HAVE_INET_PTON 1
#define HAVE_PTHREAD_SPIN_LOCK 1
#define HAVE_OGG 1
#define HAVE_OPENSSL 1

configure: exit 0
